/home/hs/tool/synopsys/dc2016/syn/L-2016.03-SP1/auxx/gui/dv/dv_setup.tcl
/home/hs/tool/synopsys/dc2016/syn/L-2016.03-SP1/auxx/gui/syn/snpsSynProcs.tcl
/home/hs/tool/synopsys/dc2016/syn/L-2016.03-SP1/auxx/gui/syn/layout/pkgIndex.tcl
/home/hs/tool/synopsys/dc2016/syn/L-2016.03-SP1/auxx/gui/common/view/pkgIndex.tcl
/home/hs/tool/synopsys/dc2016/syn/L-2016.03-SP1/auxx/gui/common/setup/pkgIndex.tcl
/home/hs/tool/synopsys/dc2016/syn/L-2016.03-SP1/auxx/gui/common/timing/pkgIndex.tcl
/home/hs/tool/synopsys/dc2016/syn/L-2016.03-SP1/auxx/gui/common/highlight/pkgIndex.tcl
/home/hs/tool/synopsys/dc2016/syn/L-2016.03-SP1/auxx/gui/common/table/pkgIndex.tcl
/home/hs/tool/synopsys/dc2016/syn/L-2016.03-SP1/auxx/gui/common/schematic/pkgIndex.tcl
/home/hs/tool/synopsys/dc2016/syn/L-2016.03-SP1/auxx/gui/common/regressionToolkit/pkgIndex.tcl
/home/hs/tool/synopsys/dc2016/syn/L-2016.03-SP1/auxx/gui/common/histogram/pkgIndex.tcl
/home/hs/tool/synopsys/dc2016/syn/L-2016.03-SP1/auxx/gui/common/pathinspector/pkgIndex.tcl
/home/hs/tool/synopsys/dc2016/syn/L-2016.03-SP1/auxx/gui/common/mrupalette/pkgIndex.tcl
/home/hs/tool/synopsys/dc2016/syn/L-2016.03-SP1/auxx/gui/common/docBrowser/pkgIndex.tcl
/home/hs/tool/synopsys/dc2016/syn/L-2016.03-SP1/auxx/gui/common/profiler/pkgIndex.tcl
/home/hs/tool/synopsys/dc2016/syn/L-2016.03-SP1/auxx/gui/common/strokes/pkgIndex.tcl
/home/hs/tool/synopsys/dc2016/syn/L-2016.03-SP1/auxx/gui/common/misc/pkgIndex.tcl
/home/hs/tool/synopsys/dc2016/syn/L-2016.03-SP1/auxx/gui/common/qtcl/pkgIndex.tcl
/home/hs/tool/synopsys/dc2016/syn/L-2016.03-SP1/auxx/gui/common/commandform/pkgIndex.tcl
/home/hs/tool/synopsys/dc2016/syn/L-2016.03-SP1/auxx/gui/common/tiledview/pkgIndex.tcl
/home/hs/tool/synopsys/dc2016/syn/L-2016.03-SP1/auxx/gui/common/hierarchy/pkgIndex.tcl
/home/hs/tool/synopsys/dc2016/syn/L-2016.03-SP1/auxx/gui/common/WindowFrameWork/pkgIndex.tcl
/home/hs/tool/synopsys/dc2016/syn/L-2016.03-SP1/auxx/gui/common/menus/pkgIndex.tcl
/home/hs/tool/synopsys/dc2016/syn/L-2016.03-SP1/auxx/gui/common/layout/pkgIndex.tcl
/home/hs/tool/synopsys/dc2016/syn/L-2016.03-SP1/auxx/gui/common/select/pkgIndex.tcl
/home/hs/tool/synopsys/dc2016/syn/L-2016.03-SP1/auxx/gui/common/libviewer/pkgIndex.tcl
/home/hs/tool/synopsys/dc2016/syn/L-2016.03-SP1/auxx/gui/common/opdlg/pkgIndex.tcl
/home/hs/tool/synopsys/dc2016/syn/L-2016.03-SP1/auxx/gui/common/tq/pkgIndex.tcl
/home/hs/tool/synopsys/dc2016/syn/L-2016.03-SP1/auxx/gui/common/tcl-dp/pkgIndex.tcl
/home/hs/tool/synopsys/dc2016/syn/L-2016.03-SP1/auxx/gui/common/fanoutviewer/pkgIndex.tcl
/home/hs/tool/synopsys/dc2016/syn/L-2016.03-SP1/auxx/gui/common/palettegroup/pkgIndex.tcl
/home/hs/tool/synopsys/dc2016/syn/L-2016.03-SP1/auxx/gui/common/dialogs/pkgIndex.tcl
/home/hs/tool/synopsys/dc2016/syn/L-2016.03-SP1/auxx/gui/common/acg/pkgIndex.tcl
/home/hs/tool/synopsys/dc2016/syn/L-2016.03-SP1/auxx/gui/dv/pkgIndex.tcl
/home/hs/tool/synopsys/dc2016/syn/L-2016.03-SP1/auxx/syn/lib/pkgIndex.tcl
/home/hs/tool/synopsys/dc2016/syn/L-2016.03-SP1/auxx/tcllib/lib/iwidgets4.1/pkgIndex.tcl
/home/hs/tool/synopsys/dc2016/syn/L-2016.03-SP1/auxx/tcllib/snps_tcl/snpsUtils/pkgIndex.tcl
/home/hs/tool/synopsys/dc2016/syn/L-2016.03-SP1/auxx/tcllib/snps_tcl/snpsTclPro/pkgIndex.tcl
/home/hs/tool/synopsys/dc2016/syn/L-2016.03-SP1/auxx/tcllib/snps_tcl/snpsTest/pkgIndex.tcl
/home/hs/tool/synopsys/dc2016/syn/L-2016.03-SP1/auxx/tcllib/snps_tcl/pkgIndex.tcl
/home/hs/tool/synopsys/dc2016/syn/L-2016.03-SP1/auxx/tcllib/lib/tcl8.6/http1.0/pkgIndex.tcl
/home/hs/tool/synopsys/dc2016/syn/L-2016.03-SP1/auxx/tcllib/lib/tcl8.6/http/pkgIndex.tcl
/home/hs/tool/synopsys/dc2016/syn/L-2016.03-SP1/auxx/tcllib/lib/tcl8.6/platform/pkgIndex.tcl
/home/hs/tool/synopsys/dc2016/syn/L-2016.03-SP1/auxx/tcllib/lib/tcl8.6/reg/pkgIndex.tcl
/home/hs/tool/synopsys/dc2016/syn/L-2016.03-SP1/auxx/tcllib/lib/tcl8.6/tcltest/pkgIndex.tcl
/home/hs/tool/synopsys/dc2016/syn/L-2016.03-SP1/auxx/tcllib/lib/tcl8.6/dde/pkgIndex.tcl
/home/hs/tool/synopsys/dc2016/syn/L-2016.03-SP1/auxx/tcllib/lib/tcl8.6/opt/pkgIndex.tcl
/home/hs/tool/synopsys/dc2016/syn/L-2016.03-SP1/auxx/tcllib/lib/tcl8.6/msgcat/pkgIndex.tcl
/home/hs/tool/synopsys/dc2016/syn/L-2016.03-SP1/auxx/gui/common/setup/snpsCommonSetup.tcl
/home/hs/tool/synopsys/dc2016/syn/L-2016.03-SP1/auxx/gui/common/setup/snpsCustomize.tcl
/home/hs/tool/synopsys/dc2016/syn/L-2016.03-SP1/auxx/gui/common/setup/snpsProcheck.tcl
/home/hs/tool/synopsys/dc2016/syn/L-2016.03-SP1/auxx/gui/common/qtcl/.synopsys_qtcl.tcl
/home/hs/tool/synopsys/dc2016/syn/L-2016.03-SP1/auxx/gui/common/highlight/highlight.tcl
/home/hs/tool/synopsys/dc2016/syn/L-2016.03-SP1/auxx/gui/common/misc/base.tcl
/home/hs/tool/synopsys/dc2016/syn/L-2016.03-SP1/auxx/gui/common/misc/timing.tcl
/home/hs/tool/synopsys/dc2016/syn/L-2016.03-SP1/auxx/gui/common/misc/setting.tcl
/home/hs/tool/synopsys/dc2016/syn/L-2016.03-SP1/auxx/gui/common/misc/preset.tcl
/home/hs/tool/synopsys/dc2016/syn/L-2016.03-SP1/auxx/gui/common/WindowFrameWork/windowFrameWork.tcl
/home/hs/tool/synopsys/dc2016/syn/L-2016.03-SP1/auxx/gui/common/WindowFrameWork/skipBusyCursorCmdList.tcl
/home/hs/tool/synopsys/dc2016/syn/L-2016.03-SP1/auxx/gui/common/docBrowser/docBrowser.tcl
/home/hs/tool/synopsys/dc2016/syn/L-2016.03-SP1/auxx/tcllib/snps_tcl/snpsUtils/snpsUtils.tcl
/home/hs/tool/synopsys/dc2016/syn/L-2016.03-SP1/auxx/gui/common/dialogs/ObjectChooser.tcl
/home/hs/tool/synopsys/dc2016/syn/L-2016.03-SP1/auxx/gui/common/misc/DialogObjectChooser.tcl
/home/hs/tool/synopsys/dc2016/syn/L-2016.03-SP1/auxx/gui/common/dialogs/HistBinInformation.tcl
/home/hs/tool/synopsys/dc2016/syn/L-2016.03-SP1/auxx/gui/common/dialogs/HistBin1Information.tcl
/home/hs/tool/synopsys/dc2016/syn/L-2016.03-SP1/auxx/gui/common/dialogs/BinsOnlyInformation.tcl
/home/hs/tool/synopsys/dc2016/syn/L-2016.03-SP1/auxx/gui/common/dialogs/FileChooser.tcl
/home/hs/tool/synopsys/dc2016/syn/L-2016.03-SP1/auxx/gui/common/dialogs/PathPinSimpleInfo.tcl
/home/hs/tool/synopsys/dc2016/syn/L-2016.03-SP1/auxx/gui/common/dialogs/PathsBasicInfo.tcl
/home/hs/tool/synopsys/dc2016/syn/L-2016.03-SP1/auxx/gui/common/dialogs/PathsBasicSimpleInfo.tcl
/home/hs/tool/synopsys/dc2016/syn/L-2016.03-SP1/auxx/gui/common/dialogs/SlctOperationInfo.tcl
/home/hs/tool/synopsys/dc2016/syn/L-2016.03-SP1/auxx/gui/common/dialogs/ObjectListInfo.tcl
/home/hs/tool/synopsys/dc2016/syn/L-2016.03-SP1/auxx/gui/common/dialogs/FanInOutInfo.tcl
/home/hs/tool/synopsys/dc2016/syn/L-2016.03-SP1/auxx/gui/common/dialogs/NumberOfLevelsChooser.tcl
/home/hs/tool/synopsys/dc2016/syn/L-2016.03-SP1/auxx/gui/common/dialogs/WindowReuseInfo.tcl
/home/hs/tool/synopsys/dc2016/syn/L-2016.03-SP1/auxx/gui/common/dialogs/ReportOutputOptionInfo.tcl
/home/hs/tool/synopsys/dc2016/syn/L-2016.03-SP1/auxx/gui/common/setup/snpsCollections.tcl
/home/hs/tool/synopsys/dc2016/syn/L-2016.03-SP1/auxx/gui/common/dialogs/CompileLinkDesign.tcl
/home/hs/tool/synopsys/dc2016/syn/L-2016.03-SP1/auxx/gui/common/histogram/DialogEndpointSlack.tcl
/home/hs/tool/synopsys/dc2016/syn/L-2016.03-SP1/auxx/gui/common/histogram/DialogPathsSlack.tcl
/home/hs/tool/synopsys/dc2016/syn/L-2016.03-SP1/auxx/gui/common/histogram/DialogNetCapacitance.tcl
/home/hs/tool/synopsys/dc2016/syn/L-2016.03-SP1/auxx/gui/common/schematic/DialogPathSchematicFanInOut.tcl
/home/hs/tool/synopsys/dc2016/syn/L-2016.03-SP1/auxx/gui/common/schematic/DialogPathSchematicAddPaths.tcl
/home/hs/DC_learning/scripts
/home/hs/DC_learning/scripts/dc_scripts.tcl
/home/hs/DC_learning/lib/smic18_ss.db
/home/hs/tool/synopsys/dc2016/syn/L-2016.03-SP1/libraries/syn/gtech.db
/home/hs/tool/synopsys/dc2016/syn/L-2016.03-SP1/libraries/syn/standard.sldb
/home/hs/DC_learning/rtl/clock.v
/home/hs/DC_learning/rtl/clock.v
/home/hs/DC_learning/rtl/register.v
/home/hs/DC_learning/rtl/register.v
/home/hs/DC_learning/rtl/cells-lib/dffr.v
/home/hs/DC_learning/rtl/cells-lib/dffr.v
/home/hs/DC_learning/rtl/cells-lib/mux.v
/home/hs/DC_learning/rtl/cells-lib/mux.v
/home/hs/DC_learning/lib/smic18_ss.db
/home/hs/DC_learning/work/alib-52/smic18_ss.db.alib
/home/hs/DC_learning/work/alib-52/alib_analyze_libs.tcl.e
/home/hs/tool/synopsys/dc2016/syn/L-2016.03-SP1/libraries/syn/dw_foundation.sldb
/home/hs/DC_learning/lib/smic18_ss.db
/home/hs/DC_learning/work/alib-52/smic18_ss.db.alib
/home/hs/DC_learning/lib/smic18_ss.db
